<?xml version="1.0" encoding="UTF-8"?>
<robot generator="Robot 5.0 (Python 3.10.0 on win32)" generated="20220324 19:28:36.745" rpa="false" schemaversion="3">
<suite id="s1" name="Browser-Test" source="C:\Users\dlanda\Projects\Bussines\robotframework-demo\browser-test.robot">
<test id="s1-t1" name="The user can search for flights" line="9">
<kw name="Open Browser" library="SeleniumLibrary">
<arg>${URL}</arg>
<arg>${BROWSER}</arg>
<doc>Opens a new browser instance to the optional ``url``.</doc>
<msg timestamp="20220324 19:28:37.450" level="INFO">Opening browser 'Chrome' to base url 'http://google.com/'.</msg>
<status status="PASS" starttime="20220324 19:28:37.449" endtime="20220324 19:28:43.439"/>
</kw>
<kw name="Close All Browsers" library="SeleniumLibrary">
<doc>Closes all open browsers and resets the browser cache.</doc>
<status status="PASS" starttime="20220324 19:28:43.441" endtime="20220324 19:28:46.163"/>
</kw>
<status status="PASS" starttime="20220324 19:28:37.447" endtime="20220324 19:28:46.165"/>
</test>
<status status="PASS" starttime="20220324 19:28:36.758" endtime="20220324 19:28:46.172"/>
</suite>
<statistics>
<total>
<stat pass="1" fail="0" skip="0">All Tests</stat>
</total>
<tag>
</tag>
<suite>
<stat pass="1" fail="0" skip="0" id="s1" name="Browser-Test">Browser-Test</stat>
</suite>
</statistics>
<errors>
</errors>
</robot>
